This is pdfTeX, Version 3.1415926-2.5-1.40.14 (TeX Live 2013/Debian) (format=pdflatex 2015.6.29)  5 AUG 2015 16:54
entering extended mode
 restricted \write18 enabled.
 %&-line parsing enabled.
**tesis.tex
(./tesis.tex
LaTeX2e <2011/06/27>
Babel <3.9h> and hyphenation patterns for 5 languages loaded.
(/usr/share/texlive/texmf-dist/tex/latex/base/book.cls
Document Class: book 2007/10/19 v1.4h Standard LaTeX document class
(/usr/share/texlive/texmf-dist/tex/latex/base/bk10.clo
File: bk10.clo 2007/10/19 v1.4h Standard LaTeX file (size option)
)
\c@part=\count79
\c@chapter=\count80
\c@section=\count81
\c@subsection=\count82
\c@subsubsection=\count83
\c@paragraph=\count84
\c@subparagraph=\count85
\c@figure=\count86
\c@table=\count87
\abovecaptionskip=\skip41
\belowcaptionskip=\skip42
\bibindent=\dimen102
)
(/usr/share/texlive/texmf-dist/tex/latex/graphics/graphicx.sty
Package: graphicx 1999/02/16 v1.0f Enhanced LaTeX Graphics (DPC,SPQR)

(/usr/share/texlive/texmf-dist/tex/latex/graphics/keyval.sty
Package: keyval 1999/03/16 v1.13 key=value parser (DPC)
\KV@toks@=\toks14
)
(/usr/share/texlive/texmf-dist/tex/latex/graphics/graphics.sty
Package: graphics 2009/02/05 v1.0o Standard LaTeX Graphics (DPC,SPQR)

(/usr/share/texlive/texmf-dist/tex/latex/graphics/trig.sty
Package: trig 1999/03/16 v1.09 sin cos tan (DPC)
)
(/usr/share/texlive/texmf-dist/tex/latex/latexconfig/graphics.cfg
File: graphics.cfg 2010/04/23 v1.9 graphics configuration of TeX Live
)
Package graphics Info: Driver file: pdftex.def on input line 91.

(/usr/share/texlive/texmf-dist/tex/latex/pdftex-def/pdftex.def
File: pdftex.def 2011/05/27 v0.06d Graphics/color for pdfTeX

(/usr/share/texlive/texmf-dist/tex/generic/oberdiek/infwarerr.sty
Package: infwarerr 2010/04/08 v1.3 Providing info/warning/error messages (HO)
)
(/usr/share/texlive/texmf-dist/tex/generic/oberdiek/ltxcmds.sty
Package: ltxcmds 2011/11/09 v1.22 LaTeX kernel commands for general use (HO)
)
\Gread@gobject=\count88
))
\Gin@req@height=\dimen103
\Gin@req@width=\dimen104
)
(/usr/share/texlive/texmf-dist/tex/latex/graphics/color.sty
Package: color 2005/11/14 v1.0j Standard LaTeX Color (DPC)

(/usr/share/texlive/texmf-dist/tex/latex/latexconfig/color.cfg
File: color.cfg 2007/01/18 v1.5 color configuration of teTeX/TeXLive
)
Package color Info: Driver file: pdftex.def on input line 130.
)
(/usr/share/texlive/texmf-dist/tex/generic/babel/babel.sty
Package: babel 2013/12/03 3.9h The Babel package

(/usr/share/texlive/texmf-dist/tex/generic/babel-spanish/spanish.ldf
Language: spanish.ldf 2014/01/29 v5.0m Spanish support from the babel system

(/usr/share/texlive/texmf-dist/tex/generic/babel/babel.def
File: babel.def 2013/12/03 3.9h Babel common definitions
\babel@savecnt=\count89
\U@D=\dimen105
)
\es@datefmt=\count90
\es@quottoks=\toks15
\es@quotdepth=\count91
Package babel Info: Making " an active character on input line 496.
Package babel Info: Making . an active character on input line 599.
Package babel Info: Making < an active character on input line 644.
Package babel Info: Making > an active character on input line 644.
))
(/usr/share/texlive/texmf-dist/tex/latex/natbib/natbib.sty
Package: natbib 2010/09/13 8.31b (PWD, AO)
\bibhang=\skip43
\bibsep=\skip44
LaTeX Info: Redefining \cite on input line 694.
\c@NAT@ctr=\count92
) (./tesis.aux
LaTeX Info: Redefining \. on input line 6.
LaTeX Info: Redefining \% on input line 6.

(./introduccion.aux) (./antecedentes.aux) (./trabajorelacionado.aux)
(./metodologia.aux) (./solucionpropuesta.aux) (./evaluacion.aux)
(./conclusiones.aux))
\openout1 = `tesis.aux'.

LaTeX Font Info:    Checking defaults for OML/cmm/m/it on input line 23.
LaTeX Font Info:    ... okay on input line 23.
LaTeX Font Info:    Checking defaults for T1/cmr/m/n on input line 23.
LaTeX Font Info:    ... okay on input line 23.
LaTeX Font Info:    Checking defaults for OT1/cmr/m/n on input line 23.
LaTeX Font Info:    ... okay on input line 23.
LaTeX Font Info:    Checking defaults for OMS/cmsy/m/n on input line 23.
LaTeX Font Info:    ... okay on input line 23.
LaTeX Font Info:    Checking defaults for OMX/cmex/m/n on input line 23.
LaTeX Font Info:    ... okay on input line 23.
LaTeX Font Info:    Checking defaults for U/cmr/m/n on input line 23.
LaTeX Font Info:    ... okay on input line 23.

(/usr/share/texlive/texmf-dist/tex/context/base/supp-pdf.mkii
[Loading MPS to PDF converter (version 2006.09.02).]
\scratchcounter=\count93
\scratchdimen=\dimen106
\scratchbox=\box26
\nofMPsegments=\count94
\nofMParguments=\count95
\everyMPshowfont=\toks16
\MPscratchCnt=\count96
\MPscratchDim=\dimen107
\MPnumerator=\count97
\makeMPintoPDFobject=\count98
\everyMPtoPDFconversion=\toks17
) (/usr/share/texlive/texmf-dist/tex/generic/oberdiek/pdftexcmds.sty
Package: pdftexcmds 2011/11/29 v0.20 Utility functions of pdfTeX for LuaTeX (HO
)

(/usr/share/texlive/texmf-dist/tex/generic/oberdiek/ifluatex.sty
Package: ifluatex 2010/03/01 v1.3 Provides the ifluatex switch (HO)
Package ifluatex Info: LuaTeX not detected.
)
(/usr/share/texlive/texmf-dist/tex/generic/oberdiek/ifpdf.sty
Package: ifpdf 2011/01/30 v2.3 Provides the ifpdf switch (HO)
Package ifpdf Info: pdfTeX in PDF mode is detected.
)
Package pdftexcmds Info: LuaTeX not detected.
Package pdftexcmds Info: \pdf@primitive is available.
Package pdftexcmds Info: \pdf@ifprimitive is available.
Package pdftexcmds Info: \pdfdraftmode found.
)
(/usr/share/texlive/texmf-dist/tex/latex/oberdiek/epstopdf-base.sty
Package: epstopdf-base 2010/02/09 v2.5 Base part for package epstopdf

(/usr/share/texlive/texmf-dist/tex/latex/oberdiek/grfext.sty
Package: grfext 2010/08/19 v1.1 Manage graphics extensions (HO)

(/usr/share/texlive/texmf-dist/tex/generic/oberdiek/kvdefinekeys.sty
Package: kvdefinekeys 2011/04/07 v1.3 Define keys (HO)
))
(/usr/share/texlive/texmf-dist/tex/latex/oberdiek/kvoptions.sty
Package: kvoptions 2011/06/30 v3.11 Key value format for package options (HO)

(/usr/share/texlive/texmf-dist/tex/generic/oberdiek/kvsetkeys.sty
Package: kvsetkeys 2012/04/25 v1.16 Key value parser (HO)

(/usr/share/texlive/texmf-dist/tex/generic/oberdiek/etexcmds.sty
Package: etexcmds 2011/02/16 v1.5 Avoid name clashes with e-TeX commands (HO)
Package etexcmds Info: Could not find \expanded.
(etexcmds)             That can mean that you are not using pdfTeX 1.50 or
(etexcmds)             that some package has redefined \expanded.
(etexcmds)             In the latter case, load this package earlier.
)))
Package grfext Info: Graphics extension search list:
(grfext)             [.png,.pdf,.jpg,.mps,.jpeg,.jbig2,.jb2,.PNG,.PDF,.JPG,.JPE
G,.JBIG2,.JB2,.eps]
(grfext)             \AppendGraphicsExtensions on input line 452.

(/usr/share/texlive/texmf-dist/tex/latex/latexconfig/epstopdf-sys.cfg
File: epstopdf-sys.cfg 2010/07/13 v1.3 Configuration of (r)epstopdf for TeX Liv
e
))
LaTeX Info: Redefining \. on input line 23.
LaTeX Info: Redefining \% on input line 23.
LaTeX Font Info:    External font `cmex10' loaded for size
(Font)              <12> on input line 27.
LaTeX Font Info:    External font `cmex10' loaded for size
(Font)              <8> on input line 27.
LaTeX Font Info:    External font `cmex10' loaded for size
(Font)              <6> on input line 27.

[1


{/var/lib/texmf/fonts/map/pdftex/updmap/pdftex.map}] (./tesis.toc
LaTeX Info: Redefining \. on input line 1.
LaTeX Info: Redefining \% on input line 1.
LaTeX Font Info:    External font `cmex10' loaded for size
(Font)              <7> on input line 7.
LaTeX Font Info:    External font `cmex10' loaded for size
(Font)              <5> on input line 7.
 [1

])
\tf@toc=\write3
\openout3 = `tesis.toc'.

LaTeX Info: Redefining \. on input line 31.
LaTeX Info: Redefining \% on input line 31.

[2] (./tesis.lot
LaTeX Info: Redefining \. on input line 1.
LaTeX Info: Redefining \% on input line 1.
)
\tf@lot=\write4
\openout4 = `tesis.lot'.

 [3

] (./tesis.lof
LaTeX Info: Redefining \. on input line 1.
LaTeX Info: Redefining \% on input line 1.
)
\tf@lof=\write5
\openout5 = `tesis.lof'.

 [4

]
\openout2 = `introduccion.aux'.

 (./introduccion.tex
Cap\'{\i }tulo 1.
) [5


]
\openout2 = `antecedentes.aux'.

 (./antecedentes.tex
Cap\'{\i }tulo 2.

Package natbib Warning: Citation `ChallengeMobile' on page 6 undefined on input
 line 7.

Missing character: There is no Ã in font cmr10!
Missing character: There is no ± in font cmr10!

Package natbib Warning: Citation `MobileEducation' on page 6 undefined on input
 line 12.


Package natbib Warning: Citation `MobileEducation' on page 6 undefined on input
 line 14.

Missing character: There is no Â in font cmr10!
Missing character: There is no ¿ in font cmr10!
Missing character: There is no Â in font cmr10!
Missing character: There is no ¿ in font cmr10!
Missing character: There is no Â in font cmr10!
Missing character: There is no ¿ in font cmr10!
[6



]

Package natbib Warning: Citation `Shannon_Theory' on page 7 undefined on input 
line 30.

Missing character: There is no Ã in font cmr10!
Missing character: There is no ± in font cmr10!
Missing character: There is no Ã in font cmr10!
Missing character: There is no ± in font cmr10!
Missing character: There is no Ã in font cmr10!
Missing character: There is no ± in font cmr10!
Missing character: There is no Â in font cmr10!
Missing character: There is no ¿ in font cmr10!
Missing character: There is no Â in font cmr10!
Missing character: There is no ¿ in font cmr10!

Package natbib Warning: Citation `Secrets_Schneier' on page 7 undefined on inpu
t line 55.

LaTeX Info: Redefining \. on input line 56.
LaTeX Info: Redefining \% on input line 56.
[7]

Package natbib Warning: Citation `Secrets_Schneier' on page 8 undefined on inpu
t line 57.

Missing character: There is no Ã in font cmr10!
Missing character: There is no ± in font cmr10!

Package natbib Warning: Citation `Obscurity' on page 8 undefined on input line 
62.

Missing character: There is no Ã in font cmr10!
Missing character: There is no ± in font cmr10!

Package natbib Warning: Citation `Obscurity' on page 8 undefined on input line 
65.


Package natbib Warning: Citation `Obscurity_Stegano' on page 8 undefined on inp
ut line 68.


Package natbib Warning: Citation `AC_Schneier' on page 8 undefined on input lin
e 78.


Package natbib Warning: Citation `AC_Schneier' on page 8 undefined on input lin
e 81.


Package natbib Warning: Citation `AC_Schneier' on page 8 undefined on input lin
e 85.


Package natbib Warning: Citation `MP3SteganoReview' on page 8 undefined on inpu
t line 86.

LaTeX Info: Redefining \. on input line 87.
LaTeX Info: Redefining \% on input line 87.
[8]
Missing character: There is no Â in font cmr10!
Missing character: There is no ¿ in font cmr10!
Missing character: There is no Â in font cmr10!
Missing character: There is no ¿ in font cmr10!
Missing character: There is no Â in font cmr10!
Missing character: There is no ¿ in font cmr10!
Missing character: There is no Â in font cmr10!
Missing character: There is no ¿ in font cmr10!
)
LaTeX Info: Redefining \. on input line 39.
LaTeX Info: Redefining \% on input line 39.
 [9]
\openout2 = `trabajorelacionado.aux'.

 (./trabajorelacionado.tex
Cap\'{\i }tulo 3.
) [10



]
\openout2 = `metodologia.aux'.

 (./metodologia.tex
Cap\'{\i }tulo 4.
) [11



]
\openout2 = `solucionpropuesta.aux'.

 (./solucionpropuesta.tex
Cap\'{\i }tulo 5.

Package natbib Warning: Citation `revista' on page 12 undefined on input line 1
4.


Package natbib Warning: Citation `algo' on page 12 undefined on input line 18.

) [12



]
\openout2 = `evaluacion.aux'.

 (./evaluacion.tex
Cap\'{\i }tulo 6.
<interesante.png, id=54, 1589.94pt x 1806.75pt>
File: interesante.png Graphic file (type png)
 <use interesante.png>
Package pdftex.def Info: interesante.png used on input line 29.
(pdftex.def)             Requested size: 85.35826pt x 96.98686pt.
 [13



 <./interesante.png (PNG copy)>])
LaTeX Info: Redefining \. on input line 47.
LaTeX Info: Redefining \% on input line 47.
 [14]
\openout2 = `conclusiones.aux'.

 (./conclusiones.tex
Cap\'{\i }tulo 7.
) [15



] (./tesis.bbl)

Package natbib Warning: There were undefined citations.

(./tesis.aux
LaTeX Info: Redefining \. on input line 6.
LaTeX Info: Redefining \% on input line 6.
 (./introduccion.aux) (./antecedentes.aux)
(./trabajorelacionado.aux) (./metodologia.aux) (./solucionpropuesta.aux)
(./evaluacion.aux) (./conclusiones.aux)) ) 
Here is how much of TeX's memory you used:
 2700 strings out of 494966
 36404 string characters out of 6179559
 99791 words of memory out of 5000000
 5843 multiletter control sequences out of 15000+600000
 9819 words of font info for 34 fonts, out of 8000000 for 9000
 40 hyphenation exceptions out of 8191
 38i,8n,28p,649b,368s stack positions out of 5000i,500n,10000p,200000b,80000s
</usr/share/texlive/texmf-dist/fonts/
type1/public/amsfonts/cm/cmbx10.pfb></usr/share/texlive/texmf-dist/fonts/type1/
public/amsfonts/cm/cmbx12.pfb></usr/share/texlive/texmf-dist/fonts/type1/public
/amsfonts/cm/cmbxti10.pfb></usr/share/texlive/texmf-dist/fonts/type1/public/ams
fonts/cm/cmmi10.pfb></usr/share/texlive/texmf-dist/fonts/type1/public/amsfonts/
cm/cmr10.pfb></usr/share/texlive/texmf-dist/fonts/type1/public/amsfonts/cm/cmr1
2.pfb></usr/share/texlive/texmf-dist/fonts/type1/public/amsfonts/cm/cmr17.pfb><
/usr/share/texlive/texmf-dist/fonts/type1/public/amsfonts/cm/cmr7.pfb></usr/sha
re/texlive/texmf-dist/fonts/type1/public/amsfonts/cm/cmsl10.pfb></usr/share/tex
live/texmf-dist/fonts/type1/public/amsfonts/cm/cmsy10.pfb>
Output written on tesis.pdf (16 pages, 680539 bytes).
PDF statistics:
 97 PDF objects out of 1000 (max. 8388607)
 67 compressed objects within 1 object stream
 0 named destinations out of 1000 (max. 500000)
 6 words of extra memory for PDF output out of 10000 (max. 10000000)

